<?xml version="1.0" encoding="UTF-8"?>
<testng-results ignored="0" total="1" passed="1" failed="0" skipped="0">
  <reporter-output>
  </reporter-output>
  <suite started-at="2023-12-12T00:35:46 IST" name="Default suite" finished-at="2023-12-12T00:36:04 IST" duration-ms="18507">
    <groups>
    </groups>
    <test started-at="2023-12-12T00:35:46 IST" name="Default test" finished-at="2023-12-12T00:36:04 IST" duration-ms="18507">
      <class name="com.tests.GetCall">
        <test-method signature="getCountry1()[pri:0, instance:com.tests.GetCall@7bab3f1a]" started-at="2023-12-12T00:35:47 IST" name="getCountry1" finished-at="2023-12-12T00:36:04 IST" duration-ms="17771" status="PASS">
          <reporter-output>
          </reporter-output>
        </test-method> <!-- getCountry1 -->
      </class> <!-- com.tests.GetCall -->
    </test> <!-- Default test -->
  </suite> <!-- Default suite -->
</testng-results>
